Using pre-set license
Built from '2020.3/release' branch; Version is '2020.3.12f1 (b3b2c6512326) revision 11776710'; Using compiler version '192528614'; Build Type 'Release'
OS: 'Windows 10 Home; OS build 19042.1526; Version 2009; 64bit' Language: 'de' Physical Memory: 32718 MB
BatchMode: 1, IsHumanControllingUs: 0, StartBugReporterOnCrash: 0, Is64bit: 1, IsPro: 0

 COMMAND LINE ARGUMENTS:
C:\Program Files\Unity\Hub\Editor\2020.3.12f1\Editor\Unity.exe
-adb2
-batchMode
-noUpm
-name
AssetImportWorker0
-projectPath
G:/FZI/Project/OtherRepos/unityburstinversekinematics
-logFile
Logs/AssetImportWorker0.log
-srvPort
56772
Successfully changed project path to: G:/FZI/Project/OtherRepos/unityburstinversekinematics
G:/FZI/Project/OtherRepos/unityburstinversekinematics
Using Asset Import Pipeline V2.
Refreshing native plugins compatible for Editor in 73.46 ms, found 2 plugins.
Preloading 0 native plugins for Editor in 0.00 ms.
Initialize engine version: 2020.3.12f1 (b3b2c6512326)
[Subsystems] Discovering subsystems at path C:/Program Files/Unity/Hub/Editor/2020.3.12f1/Editor/Data/Resources/UnitySubsystems
[Subsystems] Discovering subsystems at path G:/FZI/Project/OtherRepos/unityburstinversekinematics/Assets
GfxDevice: creating device client; threaded=0
Direct3D:
    Version:  Direct3D 11.0 [level 11.1]
    Renderer: Radeon RX Vega (ID=0x687f)
    Vendor:   
    VRAM:     8119 MB
    Driver:   30.0.13025.5005
Initialize mono
Mono path[0] = 'C:/Program Files/Unity/Hub/Editor/2020.3.12f1/Editor/Data/Managed'
Mono path[1] = 'C:/Program Files/Unity/Hub/Editor/2020.3.12f1/Editor/Data/MonoBleedingEdge/lib/mono/unityjit'
Mono config path = 'C:/Program Files/Unity/Hub/Editor/2020.3.12f1/Editor/Data/MonoBleedingEdge/etc'
Using monoOptions --debugger-agent=transport=dt_socket,embedding=1,server=y,suspend=n,address=127.0.0.1:56396
Begin MonoManager ReloadAssembly
Registering precompiled unity dll's ...
Register platform support module: C:/Program Files/Unity/Hub/Editor/2020.3.12f1/Editor/Data/PlaybackEngines/WindowsStandaloneSupport/UnityEditor.WindowsStandalone.Extensions.dll
Registered in 0.001623 seconds.
Native extension for WindowsStandalone target not found
Refreshing native plugins compatible for Editor in 73.08 ms, found 2 plugins.
Preloading 0 native plugins for Editor in 0.00 ms.
Mono: successfully reloaded assembly
- Completed reload, in  1.570 seconds
Platform modules already initialized, skipping
Registering precompiled user dll's ...
Registered in 0.003853 seconds.
Begin MonoManager ReloadAssembly
Native extension for WindowsStandalone target not found
Refreshing native plugins compatible for Editor in 75.22 ms, found 2 plugins.
Preloading 0 native plugins for Editor in 0.00 ms.
Mono: successfully reloaded assembly
- Completed reload, in  1.817 seconds
Platform modules already initialized, skipping
========================================================================
Worker process is ready to serve import requests
Launched and connected shader compiler UnityShaderCompiler.exe after 0.07 seconds
Refreshing native plugins compatible for Editor in 0.77 ms, found 2 plugins.
Preloading 0 native plugins for Editor in 0.00 ms.
Unloading 4337 Unused Serialized files (Serialized files now loaded: 0)
System memory in use before: 205.0 MB.
System memory in use after: 202.0 MB.

Unloading 56 unused Assets to reduce memory usage. Loaded Objects now: 4744.
Total: 4.517000 ms (FindLiveObjects: 0.394800 ms CreateObjectMapping: 0.108600 ms MarkObjects: 2.452200 ms  DeleteObjects: 1.559700 ms)

AssetImportParameters requested are different than current active one (requested -> active):
  custom:framework-win-MediaFoundation: 216162199b28c13a410421893ffa2e32 -> 
  custom:video-decoder-ogg-theora: a1e56fd34408186e4bbccfd4996cb3dc -> 
  custom:container-muxer-webm: aa71ff27fc2769a1b78a27578f13a17b -> 
  custom:container-demuxer-webm: 4f35f7cbe854078d1ac9338744f61a02 -> 
  custom:container-demuxer-ogg: 62fdf1f143b41e24485cea50d1cbac27 -> 
  custom:video-encoder-webm-vp8: eb34c28f22e8b96e1ab97ce403110664 -> 
  custom:video-codec-MediaFoundation-h265: 746d11721c4dcdbdad8f713fa42b33f4 -> 
  custom:video-decoder-webm-vp8: 9c59270c3fd7afecdb556c50c9e8de78 -> 
  custom:audio-decoder-ogg-vorbis: bf7c407c2cedff20999df2af8eb42d56 -> 
  custom:audio-encoder-webm-vorbis: bf7c407c2cedff20999df2af8eb42d56 -> 
========================================================================
Received Import Request.
  path: Assets/FZI/BurstIK/LICENSE.txt
  artifactKey: Guid(0c000eae05212c14db9da1398e5ed557) Importer(815301076,1909f56bfc062723c751e8b465ee728b)
Start importing Assets/FZI/BurstIK/LICENSE.txt using Guid(0c000eae05212c14db9da1398e5ed557) Importer(815301076,1909f56bfc062723c751e8b465ee728b)  -> (artifact id: 'ac6a4cc36c43653c4e621b0f8d15086a') in 0.029002 seconds 
  Import took 0.034662 seconds .

========================================================================
Received Import Request.
  Time since last request: 81.152471 seconds.
  path: Assets/FZI/BurstIK/LICENSE.txt
  artifactKey: Guid(0c000eae05212c14db9da1398e5ed557) Importer(815301076,1909f56bfc062723c751e8b465ee728b)
Start importing Assets/FZI/BurstIK/LICENSE.txt using Guid(0c000eae05212c14db9da1398e5ed557) Importer(815301076,1909f56bfc062723c751e8b465ee728b)  -> (artifact id: '67443ffa9a137451d7980906ae94d4a6') in 0.002255 seconds 
  Import took 0.008350 seconds .

========================================================================
Received Import Request.
  Time since last request: 71.820809 seconds.
  path: Assets/FZI/BurstIK/Scripts/IK/IKManager.cs
  artifactKey: Guid(aa461b1dda6aee24784e556709e98158) Importer(815301076,1909f56bfc062723c751e8b465ee728b)
Start importing Assets/FZI/BurstIK/Scripts/IK/IKManager.cs using Guid(aa461b1dda6aee24784e556709e98158) Importer(815301076,1909f56bfc062723c751e8b465ee728b)  -> (artifact id: '82a463703849acaf724115ba93fae892') in 0.024012 seconds 
  Import took 0.030379 seconds .

========================================================================
Received Prepare
Registering precompiled user dll's ...
Registered in 0.003703 seconds.
Begin MonoManager ReloadAssembly
Native extension for WindowsStandalone target not found
Refreshing native plugins compatible for Editor in 0.76 ms, found 2 plugins.
Preloading 0 native plugins for Editor in 0.00 ms.
Mono: successfully reloaded assembly
- Completed reload, in  1.130 seconds
Platform modules already initialized, skipping
Refreshing native plugins compatible for Editor in 0.73 ms, found 2 plugins.
Preloading 0 native plugins for Editor in 0.00 ms.
Unloading 4097 Unused Serialized files (Serialized files now loaded: 0)
System memory in use before: 194.1 MB.
System memory in use after: 191.1 MB.

Unloading 49 unused Assets to reduce memory usage. Loaded Objects now: 4747.
Total: 4.699000 ms (FindLiveObjects: 0.423700 ms CreateObjectMapping: 0.106500 ms MarkObjects: 2.567700 ms  DeleteObjects: 1.600200 ms)

AssetImportParameters requested are different than current active one (requested -> active):
  custom:framework-win-MediaFoundation: 216162199b28c13a410421893ffa2e32 -> 
  custom:video-decoder-ogg-theora: a1e56fd34408186e4bbccfd4996cb3dc -> 
  custom:container-muxer-webm: aa71ff27fc2769a1b78a27578f13a17b -> 
  custom:container-demuxer-webm: 4f35f7cbe854078d1ac9338744f61a02 -> 
  custom:container-demuxer-ogg: 62fdf1f143b41e24485cea50d1cbac27 -> 
  custom:video-encoder-webm-vp8: eb34c28f22e8b96e1ab97ce403110664 -> 
  custom:video-codec-MediaFoundation-h265: 746d11721c4dcdbdad8f713fa42b33f4 -> 
  custom:video-decoder-webm-vp8: 9c59270c3fd7afecdb556c50c9e8de78 -> 
  custom:audio-decoder-ogg-vorbis: bf7c407c2cedff20999df2af8eb42d56 -> 
  custom:audio-encoder-webm-vorbis: bf7c407c2cedff20999df2af8eb42d56 -> 
========================================================================
Received Import Request.
  Time since last request: 201.146783 seconds.
  path: Assets/FZI/BurstIK/Examples/ExampleScene.unity
  artifactKey: Guid(2848fe92e6f078e4f997951aebc2aff0) Importer(815301076,1909f56bfc062723c751e8b465ee728b)
Start importing Assets/FZI/BurstIK/Examples/ExampleScene.unity using Guid(2848fe92e6f078e4f997951aebc2aff0) Importer(815301076,1909f56bfc062723c751e8b465ee728b)  -> (artifact id: 'bb7ff8000cdf6a3127ca49e6adf27849') in 0.013775 seconds 
  Import took 0.019831 seconds .

========================================================================
Received Prepare
Registering precompiled user dll's ...
Registered in 0.003778 seconds.
Begin MonoManager ReloadAssembly
Native extension for WindowsStandalone target not found
Refreshing native plugins compatible for Editor in 0.75 ms, found 2 plugins.
Preloading 0 native plugins for Editor in 0.00 ms.
Mono: successfully reloaded assembly
- Completed reload, in  1.133 seconds
Platform modules already initialized, skipping
Refreshing native plugins compatible for Editor in 0.83 ms, found 2 plugins.
Preloading 0 native plugins for Editor in 0.00 ms.
Unloading 4097 Unused Serialized files (Serialized files now loaded: 0)
System memory in use before: 194.1 MB.
System memory in use after: 191.2 MB.

Unloading 49 unused Assets to reduce memory usage. Loaded Objects now: 4750.
Total: 4.950000 ms (FindLiveObjects: 0.431600 ms CreateObjectMapping: 0.104700 ms MarkObjects: 2.612700 ms  DeleteObjects: 1.800000 ms)

AssetImportParameters requested are different than current active one (requested -> active):
  custom:framework-win-MediaFoundation: 216162199b28c13a410421893ffa2e32 -> 
  custom:video-decoder-ogg-theora: a1e56fd34408186e4bbccfd4996cb3dc -> 
  custom:container-muxer-webm: aa71ff27fc2769a1b78a27578f13a17b -> 
  custom:container-demuxer-webm: 4f35f7cbe854078d1ac9338744f61a02 -> 
  custom:container-demuxer-ogg: 62fdf1f143b41e24485cea50d1cbac27 -> 
  custom:video-encoder-webm-vp8: eb34c28f22e8b96e1ab97ce403110664 -> 
  custom:video-codec-MediaFoundation-h265: 746d11721c4dcdbdad8f713fa42b33f4 -> 
  custom:video-decoder-webm-vp8: 9c59270c3fd7afecdb556c50c9e8de78 -> 
  custom:audio-decoder-ogg-vorbis: bf7c407c2cedff20999df2af8eb42d56 -> 
  custom:audio-encoder-webm-vorbis: bf7c407c2cedff20999df2af8eb42d56 -> 
========================================================================
Received Import Request.
  Time since last request: 86.895294 seconds.
  path: Assets/FZI/BurstIK/Scripts/IK/IKManager.cs
  artifactKey: Guid(aa461b1dda6aee24784e556709e98158) Importer(815301076,1909f56bfc062723c751e8b465ee728b)
Start importing Assets/FZI/BurstIK/Scripts/IK/IKManager.cs using Guid(aa461b1dda6aee24784e556709e98158) Importer(815301076,1909f56bfc062723c751e8b465ee728b)  -> (artifact id: 'e8ff01b161ffd6ecf3c58e4838f4a742') in 0.006410 seconds 
  Import took 0.013026 seconds .

========================================================================
Received Prepare
Registering precompiled user dll's ...
Registered in 0.003888 seconds.
Begin MonoManager ReloadAssembly
Native extension for WindowsStandalone target not found
Refreshing native plugins compatible for Editor in 0.77 ms, found 2 plugins.
Preloading 0 native plugins for Editor in 0.00 ms.
Mono: successfully reloaded assembly
- Completed reload, in  1.233 seconds
Platform modules already initialized, skipping
Refreshing native plugins compatible for Editor in 0.79 ms, found 2 plugins.
Preloading 0 native plugins for Editor in 0.00 ms.
Unloading 4097 Unused Serialized files (Serialized files now loaded: 0)
System memory in use before: 194.2 MB.
System memory in use after: 191.2 MB.

Unloading 49 unused Assets to reduce memory usage. Loaded Objects now: 4753.
Total: 4.850900 ms (FindLiveObjects: 0.398700 ms CreateObjectMapping: 0.106400 ms MarkObjects: 2.509000 ms  DeleteObjects: 1.835600 ms)

AssetImportParameters requested are different than current active one (requested -> active):
  custom:framework-win-MediaFoundation: 216162199b28c13a410421893ffa2e32 -> 
  custom:video-decoder-ogg-theora: a1e56fd34408186e4bbccfd4996cb3dc -> 
  custom:container-muxer-webm: aa71ff27fc2769a1b78a27578f13a17b -> 
  custom:container-demuxer-webm: 4f35f7cbe854078d1ac9338744f61a02 -> 
  custom:container-demuxer-ogg: 62fdf1f143b41e24485cea50d1cbac27 -> 
  custom:video-encoder-webm-vp8: eb34c28f22e8b96e1ab97ce403110664 -> 
  custom:video-codec-MediaFoundation-h265: 746d11721c4dcdbdad8f713fa42b33f4 -> 
  custom:video-decoder-webm-vp8: 9c59270c3fd7afecdb556c50c9e8de78 -> 
  custom:audio-decoder-ogg-vorbis: bf7c407c2cedff20999df2af8eb42d56 -> 
  custom:audio-encoder-webm-vorbis: bf7c407c2cedff20999df2af8eb42d56 -> 
AssetImportWorkerClient::OnTransportError - code=2 error=End of file
